<?xml version="1.0" encoding="UTF-8"?>
<testsuite xmlns:xsi="http://www.w3.org/2001/XMLSchema-instance" xsi:noNamespaceSchemaLocation="https://maven.apache.org/surefire/maven-surefire-plugin/xsd/surefire-test-report-3.0.xsd" version="3.0" name="com.windfarm.wind_turbine_health_monitor.WindTurbineHealthMonitorApplicationTests" time="8.073" tests="1" errors="0" skipped="0" failures="0">
  <properties>
[...]
</properties>
  <testcase name="contextLoads" classname="com.windfarm.wind_turbine_health_monitor.WindTurbineHealthMonitorApplicationTests" time="0.686">
    <system-out><![CDATA[11:39:07.474 [main] INFO org.springframework.test.context.support.AnnotationConfigContextLoaderUtils -- Could not detect default configuration classes for test class [com.windfarm.wind_turbine_health_monitor.WindTurbineHealthMonitorApplicationTests]: WindTurbineHealthMonitorApplicationTests does not declare any static, non-private, non-final, nested classes annotated with @Configuration.
11:39:07.583 [main] INFO org.springframework.boot.test.context.SpringBootTestContextBootstrapper -- Found @SpringBootConfiguration com.windfarm.wind_turbine_health_monitor.WindTurbineHealthMonitorApplication for test class com.windfarm.wind_turbine_health_monitor.WindTurbineHealthMonitorApplicationTests

  .   ____          _            __ _ _
 /\\ / ___'_ __ _ _(_)_ __  __ _ \ \ \ \
( ( )\___ | '_ | '_| | '_ \/ _` | \ \ \ \
 \\/  ___)| |_)| | | | | || (_| |  ) ) ) )
  '  |____| .__|_| |_|_| |_\__, | / / / /
 =========|_|==============|___/=/_/_/_/
 :: Spring Boot ::                (v3.2.2)

2026-02-02T11:39:08.316+05:30  INFO 5933 --- [wind-turbine-health-monitor] [           main] WindTurbineHealthMonitorApplicationTests : Starting WindTurbineHealthMonitorApplicationTests using Java 21.0.9 with PID 5933 (started by zadmin in /home/zadmin/Desktop/workspace/wind-turbine-health-monitor)
2026-02-02T11:39:08.317+05:30  INFO 5933 --- [wind-turbine-health-monitor] [           main] WindTurbineHealthMonitorApplicationTests : No active profile set, falling back to 1 default profile: "default"
2026-02-02T11:39:09.668+05:30  INFO 5933 --- [wind-turbine-health-monitor] [           main] .s.d.r.c.RepositoryConfigurationDelegate : Bootstrapping Spring Data JPA repositories in DEFAULT mode.
2026-02-02T11:39:09.728+05:30  INFO 5933 --- [wind-turbine-health-monitor] [           main] .s.d.r.c.RepositoryConfigurationDelegate : Finished Spring Data repository scanning in 52 ms. Found 3 JPA repository interfaces.
2026-02-02T11:39:10.568+05:30  INFO 5933 --- [wind-turbine-health-monitor] [           main] o.hibernate.jpa.internal.util.LogHelper  : HHH000204: Processing PersistenceUnitInfo [name: default]
2026-02-02T11:39:10.615+05:30  INFO 5933 --- [wind-turbine-health-monitor] [           main] org.hibernate.Version                    : HHH000412: Hibernate ORM core version 6.4.1.Final
2026-02-02T11:39:10.641+05:30  INFO 5933 --- [wind-turbine-health-monitor] [           main] o.h.c.internal.RegionFactoryInitiator    : HHH000026: Second-level cache disabled
2026-02-02T11:39:10.836+05:30  INFO 5933 --- [wind-turbine-health-monitor] [           main] o.s.o.j.p.SpringPersistenceUnitInfo      : No LoadTimeWeaver setup: ignoring JPA class transformer
2026-02-02T11:39:10.859+05:30  INFO 5933 --- [wind-turbine-health-monitor] [           main] com.zaxxer.hikari.HikariDataSource       : HikariPool-1 - Starting...
2026-02-02T11:39:11.419+05:30  INFO 5933 --- [wind-turbine-health-monitor] [           main] com.zaxxer.hikari.pool.HikariPool        : HikariPool-1 - Added connection com.mysql.cj.jdbc.ConnectionImpl@4ec27c4c
2026-02-02T11:39:11.421+05:30  INFO 5933 --- [wind-turbine-health-monitor] [           main] com.zaxxer.hikari.HikariDataSource       : HikariPool-1 - Start completed.
2026-02-02T11:39:12.382+05:30  INFO 5933 --- [wind-turbine-health-monitor] [           main] o.h.e.t.j.p.i.JtaPlatformInitiator       : HHH000489: No JTA platform available (set 'hibernate.transaction.jta.platform' to enable JTA platform integration)
Hibernate: 
    create table telemetry_hourly (
        id bigint not null auto_increment,
        anomaly_score float(53),
        avg_power float(53),
        avg_rotor_speed float(53),
        avg_wind_speed float(53),
        hour datetime(6),
        turbine_id integer,
        primary key (id)
    ) engine=InnoDB
Hibernate: 
    create table telemetry_raw (
        id bigint not null auto_increment,
        power_output float(53),
        rotor_speed float(53),
        temperature float(53),
        timestamp datetime(6),
        turbine_id integer,
        vibration float(53),
        wind_speed float(53),
        primary key (id)
    ) engine=InnoDB
Hibernate: 
    create table turbines (
        turbine_id integer not null auto_increment,
        capacity_mw float(53),
        farm varchar(255),
        name varchar(255),
        region varchar(255),
        primary key (turbine_id)
    ) engine=InnoDB
2026-02-02T11:39:12.514+05:30  INFO 5933 --- [wind-turbine-health-monitor] [           main] j.LocalContainerEntityManagerFactoryBean : Initialized JPA EntityManagerFactory for persistence unit 'default'
2026-02-02T11:39:13.435+05:30  WARN 5933 --- [wind-turbine-health-monitor] [           main] JpaBaseConfiguration$JpaWebConfiguration : spring.jpa.open-in-view is enabled by default. Therefore, database queries may be performed during view rendering. Explicitly configure spring.jpa.open-in-view to disable this warning
2026-02-02T11:39:14.424+05:30  INFO 5933 --- [wind-turbine-health-monitor] [           main] o.s.b.a.e.web.EndpointLinksResolver      : Exposing 1 endpoint(s) beneath base path '/actuator'
2026-02-02T11:39:14.509+05:30  INFO 5933 --- [wind-turbine-health-monitor] [           main] WindTurbineHealthMonitorApplicationTests : Started WindTurbineHealthMonitorApplicationTests in 6.777 seconds (process running for 7.854)
]]></system-out>
    <system-err><![CDATA[WARNING: A Java agent has been loaded dynamically (/home/zadmin/.m2/repository/net/bytebuddy/byte-buddy-agent/1.14.11/byte-buddy-agent-1.14.11.jar)
WARNING: If a serviceability tool is in use, please run with -XX:+EnableDynamicAgentLoading to hide this warning
WARNING: If a serviceability tool is not in use, please run with -Djdk.instrument.traceUsage for more information
WARNING: Dynamic loading of agents will be disallowed by default in a future release
]]></system-err>
  </testcase>
</testsuite>